0 verbose cli /data/data/com.termux/files/usr/bin/node /data/data/com.termux/files/usr/bin/npm
1 info using npm@11.12.1
2 info using node@v25.8.2
3 silly config load:file:/data/data/com.termux/files/usr/lib/node_modules/npm/npmrc
4 silly config load:file:/data/data/com.termux/files/home/ORO-CONNECT/.npmrc
5 silly config load:file:/data/data/com.termux/files/home/.npmrc
6 silly config load:file:/data/data/com.termux/files/usr/etc/npmrc
7 verbose title npm list vite
8 verbose argv "list" "vite" "--json" "true"
9 verbose logfile logs-max:10 dir:/data/data/com.termux/files/home/.npm/_logs/2026-04-14T15_54_33_415Z-
10 verbose logfile /data/data/com.termux/files/home/.npm/_logs/2026-04-14T15_54_33_415Z-debug-0.log
11 silly logfile start cleaning logs, removing 1 files
12 silly packumentCache heap:1174405120 maxSize:293601280 maxEntrySize:146800640
13 silly logfile done cleaning log files
14 verbose cwd /data/data/com.termux/files/home/ORO-CONNECT/node_modules
15 verbose os Linux 6.6.77-android15-8-31998796-abogkiS938BXXS9BZCH-4k
16 verbose node v25.8.2
17 verbose npm  v11.12.1
18 verbose exit 1
19 verbose code 1
