node:events:486
      throw er; // Unhandled 'error' event
      ^

Error: getaddrinfo ENOTFOUND api.ionicjs.com
    at GetAddrInfoReqWrap.onlookupall [as oncomplete] (node:dns:121:26)
Emitted 'error' event on ClientRequest instance at:
    at emitErrorEvent (node:_http_client:109:11)
    at TLSSocket.socketErrorListener (node:_http_client:593:5)
    at TLSSocket.emit (node:events:508:20)
    at emitErrorNT (node:internal/streams/destroy:170:8)
    at emitErrorCloseNT (node:internal/streams/destroy:129:3)
    at process.processTicksAndRejections (node:internal/process/task_queues:90:21) {
  errno: -3007,
  code: 'ENOTFOUND',
  syscall: 'getaddrinfo',
  hostname: 'api.ionicjs.com'
}

Node.js v25.8.2
node:events:486
      throw er; // Unhandled 'error' event
      ^

Error: read ETIMEDOUT
    at TLSWrap.onStreamRead (node:internal/stream_base_commons:216:20)
Emitted 'error' event on ClientRequest instance at:
    at emitErrorEvent (node:_http_client:109:11)
    at TLSSocket.socketErrorListener (node:_http_client:593:5)
    at TLSSocket.emit (node:events:508:20)
    at emitErrorNT (node:internal/streams/destroy:170:8)
    at emitErrorCloseNT (node:internal/streams/destroy:129:3)
    at process.processTicksAndRejections (node:internal/process/task_queues:90:21) {
  errno: -110,
  code: 'ETIMEDOUT',
  syscall: 'read'
}

Node.js v25.8.2
node:events:486
      throw er; // Unhandled 'error' event
      ^

Error: getaddrinfo ENOTFOUND api.ionicjs.com
    at GetAddrInfoReqWrap.onlookupall [as oncomplete] (node:dns:121:26)
Emitted 'error' event on ClientRequest instance at:
    at emitErrorEvent (node:_http_client:109:11)
    at TLSSocket.socketErrorListener (node:_http_client:593:5)
    at TLSSocket.emit (node:events:508:20)
    at emitErrorNT (node:internal/streams/destroy:170:8)
    at emitErrorCloseNT (node:internal/streams/destroy:129:3)
    at process.processTicksAndRejections (node:internal/process/task_queues:90:21) {
  errno: -3007,
  code: 'ENOTFOUND',
  syscall: 'getaddrinfo',
  hostname: 'api.ionicjs.com'
}

Node.js v25.8.2
node:events:486
      throw er; // Unhandled 'error' event
      ^

Error: getaddrinfo ENOTFOUND api.ionicjs.com
    at GetAddrInfoReqWrap.onlookupall [as oncomplete] (node:dns:121:26)
Emitted 'error' event on ClientRequest instance at:
    at emitErrorEvent (node:_http_client:109:11)
    at TLSSocket.socketErrorListener (node:_http_client:593:5)
    at TLSSocket.emit (node:events:508:20)
    at emitErrorNT (node:internal/streams/destroy:170:8)
    at emitErrorCloseNT (node:internal/streams/destroy:129:3)
    at process.processTicksAndRejections (node:internal/process/task_queues:90:21) {
  errno: -3007,
  code: 'ENOTFOUND',
  syscall: 'getaddrinfo',
  hostname: 'api.ionicjs.com'
}

Node.js v25.8.2
node:events:486
      throw er; // Unhandled 'error' event
      ^

Error: read ETIMEDOUT
    at TLSWrap.onStreamRead (node:internal/stream_base_commons:216:20)
Emitted 'error' event on ClientRequest instance at:
    at emitErrorEvent (node:_http_client:109:11)
    at TLSSocket.socketErrorListener (node:_http_client:593:5)
    at TLSSocket.emit (node:events:508:20)
    at emitErrorNT (node:internal/streams/destroy:170:8)
    at emitErrorCloseNT (node:internal/streams/destroy:129:3)
    at process.processTicksAndRejections (node:internal/process/task_queues:90:21) {
  errno: -110,
  code: 'ETIMEDOUT',
  syscall: 'read'
}

Node.js v25.8.2
node:events:486
      throw er; // Unhandled 'error' event
      ^

Error: read ECONNABORTED
    at TLSWrap.onStreamRead (node:internal/stream_base_commons:216:20)
Emitted 'error' event on ClientRequest instance at:
    at emitErrorEvent (node:_http_client:109:11)
    at TLSSocket.socketErrorListener (node:_http_client:593:5)
    at TLSSocket.emit (node:events:508:20)
    at emitErrorNT (node:internal/streams/destroy:170:8)
    at emitErrorCloseNT (node:internal/streams/destroy:129:3)
    at process.processTicksAndRejections (node:internal/process/task_queues:90:21) {
  errno: -103,
  code: 'ECONNABORTED',
  syscall: 'read'
}

Node.js v25.8.2
node:events:486
      throw er; // Unhandled 'error' event
      ^

Error: read ECONNABORTED
    at TLSWrap.onStreamRead (node:internal/stream_base_commons:216:20)
Emitted 'error' event on ClientRequest instance at:
    at emitErrorEvent (node:_http_client:109:11)
    at TLSSocket.socketErrorListener (node:_http_client:593:5)
    at TLSSocket.emit (node:events:508:20)
    at emitErrorNT (node:internal/streams/destroy:170:8)
    at emitErrorCloseNT (node:internal/streams/destroy:129:3)
    at process.processTicksAndRejections (node:internal/process/task_queues:90:21) {
  errno: -103,
  code: 'ECONNABORTED',
  syscall: 'read'
}

Node.js v25.8.2
